<?xml version="1.0" encoding="UTF-8"?>
<!-- Generated by org.testng.reporters.JUnitReportReporter -->
<testsuite hostname="DESKTOP-DJ4FDME" failures="0" tests="2" name="learnTestNG.TestScenario1" time="0.014" errors="0" timestamp="2023-11-14T19:17:47 IST" skipped="0">
  <testcase classname="learnTestNG.TestScenario1" name="forth_testcase" time="0.002"/>
  <testcase classname="learnTestNG.TestScenario1" name="fifth_testcase" time="0.012"/>
</testsuite> <!-- learnTestNG.TestScenario1 -->
