<?xml version="1.0" encoding="UTF-8"?>
<!-- Generated by org.testng.reporters.JUnitReportReporter -->
<testsuite hostname="DESKTOP-DJ4FDME" failures="0" tests="1" name="org.xyz.automatio.abc.MultipleWindows" time="9.562" errors="0" timestamp="2023-11-28T19:43:30 IST" skipped="0">
  <testcase classname="org.xyz.automatio.abc.MultipleWindows" name="handletab" time="9.562"/>
</testsuite> <!-- org.xyz.automatio.abc.MultipleWindows -->
