<?xml version="1.0" encoding="UTF-8"?>
<!-- Generated by org.testng.reporters.JUnitReportReporter -->
<testsuite hostname="DESKTOP-DJ4FDME" failures="0" tests="1" name="org.wipro.automation.fb.testcases.LoginScenario" time="4.957" errors="0" timestamp="2023-11-30T19:44:26 IST" skipped="0">
  <testcase classname="org.wipro.automation.fb.testcases.LoginScenario" name="validateloginfunc" time="4.957"/>
</testsuite> <!-- org.wipro.automation.fb.testcases.LoginScenario -->
