<?xml version="1.0" encoding="UTF-8"?>
<!-- Generated by org.testng.reporters.JUnitReportReporter -->
<testsuite hostname="DESKTOP-DJ4FDME" failures="0" tests="7" name="learnTestNG.TestScenario9" time="0.029" errors="0" timestamp="2023-11-13T19:27:20 IST" skipped="0">
  <testcase classname="learnTestNG.TestScenario9" name="seventh_testcase" time="0.003"/>
  <testcase classname="learnTestNG.TestScenario9" name="second_testcase" time="0.002"/>
  <testcase classname="learnTestNG.TestScenario9" name="fifth_testcase" time="0.014"/>
  <testcase classname="learnTestNG.TestScenario9" name="forth_testcase" time="0.004"/>
  <testcase classname="learnTestNG.TestScenario9" name="first_testcase" time="0.001"/>
  <testcase classname="learnTestNG.TestScenario9" name="third_testcase" time="0.001"/>
  <testcase classname="learnTestNG.TestScenario9" name="sixth_testcase" time="0.004"/>
</testsuite> <!-- learnTestNG.TestScenario9 -->
