<?xml version="1.0" encoding="UTF-8"?>
<!-- Generated by org.testng.reporters.JUnitReportReporter -->
<testsuite hostname="DESKTOP-DJ4FDME" failures="0" tests="1" name="org.xyz.automatio.abc.HandleWindows" time="6.283" errors="0" timestamp="2023-11-27T19:30:38 IST" skipped="0">
  <testcase classname="org.xyz.automatio.abc.HandleWindows" name="handletab" time="6.283"/>
</testsuite> <!-- org.xyz.automatio.abc.HandleWindows -->
