<?xml version="1.0" encoding="UTF-8"?>
<!-- Generated by org.testng.reporters.JUnitReportReporter -->
<testsuite hostname="DESKTOP-DJ4FDME" failures="0" tests="1" name="org.xyz.automatio.abc.InstaCart" time="6.118" errors="0" timestamp="2023-11-22T20:00:20 IST" skipped="0">
  <testcase classname="org.xyz.automatio.abc.InstaCart" name="loginfunc" time="6.118"/>
</testsuite> <!-- org.xyz.automatio.abc.InstaCart -->
