<?xml version="1.0" encoding="UTF-8"?>
<!-- Generated by org.testng.reporters.JUnitReportReporter -->
<testsuite hostname="DESKTOP-DJ4FDME" failures="0" tests="7" name="learnTestNG.TestScenario4" time="0.007" errors="0" timestamp="2023-11-13T19:27:20 IST" skipped="0">
  <testcase classname="learnTestNG.TestScenario4" name="third_testcase" time="0.002"/>
  <testcase classname="learnTestNG.TestScenario4" name="sixth_testcase" time="0.001"/>
  <testcase classname="learnTestNG.TestScenario4" name="forth_testcase" time="0.000"/>
  <testcase classname="learnTestNG.TestScenario4" name="seventh_testcase" time="0.001"/>
  <testcase classname="learnTestNG.TestScenario4" name="first_testcase" time="0.001"/>
  <testcase classname="learnTestNG.TestScenario4" name="second_testcase" time="0.001"/>
  <testcase classname="learnTestNG.TestScenario4" name="fifth_testcase" time="0.001"/>
</testsuite> <!-- learnTestNG.TestScenario4 -->
