<?xml version="1.0" encoding="UTF-8"?>
<!-- Generated by org.testng.reporters.JUnitReportReporter -->
<testsuite hostname="DESKTOP-DJ4FDME" failures="0" tests="7" name="learnTestNG.TestScenario3" time="0.031" errors="0" timestamp="2023-11-13T19:44:53 IST" skipped="0">
  <testcase classname="learnTestNG.TestScenario3" name="forth_testcase" time="0.002"/>
  <testcase classname="learnTestNG.TestScenario3" name="sixth_testcase" time="0.002"/>
  <testcase classname="learnTestNG.TestScenario3" name="first_testcase" time="0.015"/>
  <testcase classname="learnTestNG.TestScenario3" name="fifth_testcase" time="0.003"/>
  <testcase classname="learnTestNG.TestScenario3" name="third_testcase" time="0.003"/>
  <testcase classname="learnTestNG.TestScenario3" name="seventh_testcase" time="0.002"/>
  <testcase classname="learnTestNG.TestScenario3" name="second_testcase" time="0.004"/>
</testsuite> <!-- learnTestNG.TestScenario3 -->
