<?xml version="1.0" encoding="UTF-8"?>
<!-- Generated by org.testng.reporters.JUnitReportReporter -->
<testsuite hostname="DESKTOP-DJ4FDME" failures="0" tests="2" name="org.xyz.automatio.abc.KeyboardMouse" time="5.173" errors="0" timestamp="2023-11-28T19:43:30 IST" skipped="1">
  <testcase classname="org.xyz.automatio.abc.KeyboardMouse" name="handlemouse" time="5.173"/>
  <testcase classname="org.xyz.automatio.abc.KeyboardMouse" name="handlekeyboard">
    <skipped/>
  </testcase> <!-- handlekeyboard -->
</testsuite> <!-- org.xyz.automatio.abc.KeyboardMouse -->
