<?xml version="1.0" encoding="UTF-8"?>
<!-- Generated by org.testng.reporters.JUnitReportReporter -->
<testsuite hostname="DESKTOP-DJ4FDME" failures="0" tests="1" name="learnTestNG.TestScenario5" time="0.001" errors="0" timestamp="2023-11-14T19:17:47 IST" skipped="0">
  <testcase classname="learnTestNG.TestScenario5" name="fifth_testcase" time="0.001"/>
</testsuite> <!-- learnTestNG.TestScenario5 -->
