<?xml version="1.0" encoding="UTF-8"?>
<!-- Generated by org.testng.reporters.JUnitReportReporter -->
<testsuite hostname="DESKTOP-DJ4FDME" failures="0" tests="2" name="org.xyz.automatio.abc.FirstAutomation" time="6.850" errors="0" timestamp="2023-11-22T19:24:33 IST" skipped="0">
  <testcase classname="org.xyz.automatio.abc.FirstAutomation" name="loginfunc" time="3.740"/>
  <testcase classname="org.xyz.automatio.abc.FirstAutomation" name="signupfunc" time="3.110"/>
</testsuite> <!-- org.xyz.automatio.abc.FirstAutomation -->
