<?xml version="1.0" encoding="UTF-8"?>
<!-- Generated by org.testng.reporters.JUnitReportReporter -->
<testsuite hostname="DESKTOP-DJ4FDME" failures="0" tests="1" name="org.xyz.automatio.abc.FirstAutomation4" time="4.795" errors="0" timestamp="2023-11-21T19:52:18 IST" skipped="0">
  <testcase classname="org.xyz.automatio.abc.FirstAutomation4" name="loginfunc" time="4.795"/>
</testsuite> <!-- org.xyz.automatio.abc.FirstAutomation4 -->
