<?xml version="1.0" encoding="UTF-8"?>
<!-- Generated by org.testng.reporters.JUnitReportReporter -->
<testsuite hostname="DESKTOP-DJ4FDME" failures="0" tests="1" name="org.xyz.automatio.abc.TestingWorld" time="11.355" errors="0" timestamp="2023-11-22T19:38:57 IST" skipped="0">
  <testcase classname="org.xyz.automatio.abc.TestingWorld" name="loginfunc" time="11.355"/>
</testsuite> <!-- org.xyz.automatio.abc.TestingWorld -->
