<?xml version="1.0" encoding="UTF-8"?>
<!-- Generated by org.testng.reporters.JUnitReportReporter -->
<testsuite hostname="DESKTOP-DJ4FDME" failures="0" tests="3" name="org.wipro.automation.fb.testcases.LoginScenario_DDF" time="9.687" errors="0" timestamp="2023-12-01T19:43:08 IST" skipped="0">
  <testcase classname="org.wipro.automation.fb.testcases.LoginScenario_DDF" name="validateloginfunc" time="2.950"/>
  <testcase classname="org.wipro.automation.fb.testcases.LoginScenario_DDF" name="validateloginfunc" time="2.966"/>
  <testcase classname="org.wipro.automation.fb.testcases.LoginScenario_DDF" name="validateloginfunc" time="3.771"/>
</testsuite> <!-- org.wipro.automation.fb.testcases.LoginScenario_DDF -->
