<?xml version="1.0" encoding="UTF-8"?>
<!-- Generated by org.testng.reporters.JUnitReportReporter -->
<testsuite hostname="DESKTOP-DJ4FDME" failures="0" tests="7" name="learnTestNG.TestScenario6" time="0.022" errors="0" timestamp="2023-11-13T19:27:20 IST" skipped="0">
  <testcase classname="learnTestNG.TestScenario6" name="forth_testcase" time="0.008"/>
  <testcase classname="learnTestNG.TestScenario6" name="sixth_testcase" time="0.002"/>
  <testcase classname="learnTestNG.TestScenario6" name="first_testcase" time="0.002"/>
  <testcase classname="learnTestNG.TestScenario6" name="second_testcase" time="0.006"/>
  <testcase classname="learnTestNG.TestScenario6" name="third_testcase" time="0.001"/>
  <testcase classname="learnTestNG.TestScenario6" name="fifth_testcase" time="0.001"/>
  <testcase classname="learnTestNG.TestScenario6" name="seventh_testcase" time="0.002"/>
</testsuite> <!-- learnTestNG.TestScenario6 -->
