<?xml version="1.0" encoding="UTF-8"?>
<!-- Generated by org.testng.reporters.JUnitReportReporter -->
<testsuite hostname="DESKTOP-DJ4FDME" failures="0" tests="1" name="org.xyz.automatio.abc.FirstAutomation2" time="21.845" errors="0" timestamp="2023-11-17T19:45:27 IST" skipped="0">
  <testcase classname="org.xyz.automatio.abc.FirstAutomation2" name="loginfunc" time="21.845"/>
</testsuite> <!-- org.xyz.automatio.abc.FirstAutomation2 -->
